<?xml version="1.0" encoding="UTF-8"?>
<!-- Generated by org.testng.reporters.JUnitReportReporter -->
<testsuite skipped="0" hostname="DESKTOP-L3DKLKL" name="BasicIT" tests="2" failures="0" timestamp="06 May 2020 14:29:18 GMT" time="21.274" errors="0">
  <testcase name="googleMilkExample" time="10.610" classname="BasicIT"/>
  <testcase name="googleCheeseExample" time="10.664" classname="BasicIT"/>
</testsuite> <!-- BasicIT -->
