<?xml version="1.0" encoding="UTF-8"?>
<!-- Generated by org.testng.reporters.JUnitReportReporter -->
<testsuite skipped="0" hostname="DESKTOP-L3DKLKL" name="tests.SearchTest" tests="2" failures="0" timestamp="19 Jul 2020 19:57:46 GMT" time="5.351" errors="0">
  <testcase name="verifySearchByVoiceTooltipOnGoogle" time="0.397" classname="tests.SearchTest"/>
  <testcase name="openGoogleTest" time="4.954" classname="tests.SearchTest"/>
</testsuite> <!-- tests.SearchTest -->
