<?xml version="1.0" encoding="UTF-8"?>
<!-- Generated by org.testng.reporters.JUnitReportReporter -->
<testsuite skipped="0" hostname="DESKTOP-L3DKLKL" name="tests.SearchTest" tests="2" failures="0" timestamp="29 Aug 2020 20:01:16 GMT" time="6.790" errors="0">
  <testcase name="verifySearchByVoiceTooltipOnGoogle" time="0.503" classname="tests.SearchTest"/>
  <testcase name="openGoogleTest" time="6.287" classname="tests.SearchTest"/>
</testsuite> <!-- tests.SearchTest -->
